2025-04-05 18:05:07,474 INFO: Contact Routing System startup [in D:\CSU\Bank Clearence Data\db\contact-routing-system\backend\app.py:26]
2025-04-05 18:05:07,476 INFO: Loading model and data... [in D:\CSU\Bank Clearence Data\db\contact-routing-system\backend\app.py:62]
2025-04-05 18:05:07,476 ERROR: Error loading model and data: [Errno 2] No such file or directory: '../models/routing_model.pkl' [in D:\CSU\Bank Clearence Data\db\contact-routing-system\backend\app.py:83]
2025-04-05 18:06:41,815 INFO: Contact Routing System startup [in D:\CSU\Bank Clearence Data\db\contact-routing-system\backend\app.py:26]
2025-04-05 18:06:41,815 INFO: Loading model and data... [in D:\CSU\Bank Clearence Data\db\contact-routing-system\backend\app.py:62]
2025-04-05 18:06:44,335 ERROR: Error loading model and data: [Errno 2] No such file or directory: '../data/df_clean.pkl' [in D:\CSU\Bank Clearence Data\db\contact-routing-system\backend\app.py:83]
2025-04-05 18:06:54,618 INFO: Contact Routing System startup [in D:\CSU\Bank Clearence Data\db\contact-routing-system\backend\app.py:26]
2025-04-05 18:06:54,619 INFO: Loading model and data... [in D:\CSU\Bank Clearence Data\db\contact-routing-system\backend\app.py:62]
2025-04-05 18:06:55,849 ERROR: Error loading model and data: [Errno 2] No such file or directory: '../data/df_clean.pkl' [in D:\CSU\Bank Clearence Data\db\contact-routing-system\backend\app.py:83]
2025-06-02 17:25:33,247 INFO app MainThread : Contact Routing System startup
2025-06-02 17:25:33,251 INFO app MainThread : Starting application...
2025-06-02 17:25:33,251 INFO app MainThread : Loading bank model and data...
2025-06-02 17:25:45,527 INFO app MainThread : Bank model and data loaded successfully
2025-06-02 17:25:45,527 INFO app MainThread : Loading SEBI data...
2025-06-02 17:25:45,528 WARNING app MainThread : SEBI data file not found
2025-06-02 17:32:45,485 INFO app Thread-1 (process_request_thread) : Loading SEBI data...
2025-06-02 17:32:45,486 WARNING app Thread-1 (process_request_thread) : SEBI data file not found
2025-06-02 17:32:45,486 INFO app Thread-1 (process_request_thread) : Loading SEBI data...
2025-06-02 17:32:45,487 WARNING app Thread-1 (process_request_thread) : SEBI data file not found
2025-06-02 17:33:00,313 INFO app Thread-2 (process_request_thread) : Loading SEBI data...
2025-06-02 17:33:00,314 WARNING app Thread-2 (process_request_thread) : SEBI data file not found
2025-06-02 17:33:00,314 INFO app Thread-2 (process_request_thread) : Loading SEBI data...
2025-06-02 17:33:00,314 WARNING app Thread-2 (process_request_thread) : SEBI data file not found
2025-06-02 17:33:34,520 INFO app Thread-3 (process_request_thread) : Loading SEBI data...
2025-06-02 17:33:36,699 INFO app Thread-3 (process_request_thread) : Loaded 452 SEBI Portfolio Managers
2025-06-03 13:22:21,362 INFO app MainThread : Contact Routing System startup
2025-06-03 13:22:21,380 INFO app MainThread : Starting application...
2025-06-03 13:22:21,380 INFO app MainThread : Loading bank model and data...
2025-06-03 13:22:44,044 INFO app MainThread : Bank model and data loaded successfully
2025-06-03 13:22:44,044 INFO app MainThread : Loading SEBI data...
2025-06-03 13:22:47,687 INFO app MainThread : Loaded 452 SEBI Portfolio Managers
